[0920/125944.332:ERROR:process_reader_win.cc(242)] ReadMemory at 0x7ff706b70000 of 64 bytes failed: Only part of a ReadProcessMemory or WriteProcessMemory request was completed. (0x12B)
[0920/125944.399:WARNING:pe_image_reader.cc(302)] could not read dos header from C:\Program Files (x86)\Google\Chrome\Application\chrome.exe
[0920/125944.399:ERROR:process_reader_win.cc(242)] ReadMemory at 0x7ffda69c0000 of 64 bytes failed: Only part of a ReadProcessMemory or WriteProcessMemory request was completed. (0x12B)
[0920/125944.399:WARNING:pe_image_reader.cc(302)] could not read dos header from C:\WINDOWS\SYSTEM32\ntdll.dll
[0920/125944.399:ERROR:process_reader_win.cc(242)] ReadMemory at 0x7ffda4010000 of 64 bytes failed: Only part of a ReadProcessMemory or WriteProcessMemory request was completed. (0x12B)
[0920/125944.417:WARNING:pe_image_reader.cc(302)] could not read dos header from C:\WINDOWS\System32\KERNEL32.DLL
[0920/125944.417:ERROR:process_reader_win.cc(242)] ReadMemory at 0x7ffda3840000 of 64 bytes failed: Only part of a ReadProcessMemory or WriteProcessMemory request was completed. (0x12B)
[0920/125944.417:WARNING:pe_image_reader.cc(302)] could not read dos header from C:\WINDOWS\System32\KERNELBASE.dll
[0920/125944.417:ERROR:process_reader_win.cc(242)] ReadMemory at 0x7ffda1030000 of 64 bytes failed: Only part of a ReadProcessMemory or WriteProcessMemory request was completed. (0x12B)
[0920/125944.417:WARNING:pe_image_reader.cc(302)] could not read dos header from C:\WINDOWS\SYSTEM32\apphelp.dll
[0920/125944.417:ERROR:process_reader_win.cc(242)] ReadMemory at 0x7ffda4570000 of 64 bytes failed: Only part of a ReadProcessMemory or WriteProcessMemory request was completed. (0x12B)
[0920/125944.417:WARNING:pe_image_reader.cc(302)] could not read dos header from C:\WINDOWS\System32\SHELL32.dll
[0920/125944.417:ERROR:process_reader_win.cc(242)] ReadMemory at 0x7ffda4290000 of 64 bytes failed: Only part of a ReadProcessMemory or WriteProcessMemory request was completed. (0x12B)
[0920/125944.417:WARNING:pe_image_reader.cc(302)] could not read dos header from C:\WINDOWS\System32\msvcrt.dll
[0920/125944.417:ERROR:process_reader_win.cc(242)] ReadMemory at 0x7ffda37f0000 of 64 bytes failed: Only part of a ReadProcessMemory or WriteProcessMemory request was completed. (0x12B)
[0920/125944.417:WARNING:pe_image_reader.cc(302)] could not read dos header from C:\WINDOWS\System32\cfgmgr32.dll
[0920/125944.417:ERROR:process_reader_win.cc(242)] ReadMemory at 0x7ffda3550000 of 64 bytes failed: Only part of a ReadProcessMemory or WriteProcessMemory request was completed. (0x12B)
[0920/125944.417:WARNING:pe_image_reader.cc(302)] could not read dos header from C:\WINDOWS\System32\ucrtbase.dll
[0920/125944.417:ERROR:process_reader_win.cc(242)] ReadMemory at 0x7ffda41e0000 of 64 bytes failed: Only part of a ReadProcessMemory or WriteProcessMemory request was completed. (0x12B)
[0920/125944.417:WARNING:pe_image_reader.cc(302)] could not read dos header from C:\WINDOWS\System32\shcore.dll
[0920/125944.417:ERROR:process_reader_win.cc(242)] ReadMemory at 0x7ffda3e50000 of 64 bytes failed: Only part of a ReadProcessMemory or WriteProcessMemory request was completed. (0x12B)
[0920/125944.417:WARNING:pe_image_reader.cc(302)] could not read dos header from C:\WINDOWS\System32\RPCRT4.dll
[0920/125944.417:ERROR:process_reader_win.cc(242)] ReadMemory at 0x7ffda5e70000 of 64 bytes failed: Only part of a ReadProcessMemory or WriteProcessMemory request was completed. (0x12B)
[0920/125944.417:WARNING:pe_image_reader.cc(302)] could not read dos header from C:\WINDOWS\System32\combase.dll
[0920/125944.417:ERROR:process_reader_win.cc(242)] ReadMemory at 0x7ffda3dd0000 of 64 bytes failed: Only part of a ReadProcessMemory or WriteProcessMemory request was completed. (0x12B)
[0920/125944.417:WARNING:pe_image_reader.cc(302)] could not read dos header from C:\WINDOWS\System32\bcryptPrimitives.dll
[0920/125944.417:ERROR:process_reader_win.cc(242)] ReadMemory at 0x7ffda2d90000 of 64 bytes failed: Only part of a ReadProcessMemory or WriteProcessMemory request was completed. (0x12B)
[0920/125944.585:WARNING:pe_image_reader.cc(302)] could not read dos header from C:\WINDOWS\System32\windows.storage.dll
[0920/125944.585:ERROR:process_reader_win.cc(242)] ReadMemory at 0x7ffda4400000 of 64 bytes failed: Only part of a ReadProcessMemory or WriteProcessMemory request was completed. (0x12B)
[0920/125944.585:WARNING:pe_image_reader.cc(302)] could not read dos header from C:\WINDOWS\System32\advapi32.dll
[0920/125944.585:ERROR:process_reader_win.cc(242)] ReadMemory at 0x7ffda4510000 of 64 bytes failed: Only part of a ReadProcessMemory or WriteProcessMemory request was completed. (0x12B)
[0920/125944.585:WARNING:pe_image_reader.cc(302)] could not read dos header from C:\WINDOWS\System32\sechost.dll
[0920/125944.585:ERROR:process_reader_win.cc(242)] ReadMemory at 0x7ffda44b0000 of 64 bytes failed: Only part of a ReadProcessMemory or WriteProcessMemory request was completed. (0x12B)
[0920/125944.585:WARNING:pe_image_reader.cc(302)] could not read dos header from C:\WINDOWS\System32\shlwapi.dll
[0920/125944.585:ERROR:process_reader_win.cc(242)] ReadMemory at 0x7ffda6960000 of 64 bytes failed: Only part of a ReadProcessMemory or WriteProcessMemory request was completed. (0x12B)
[0920/125944.586:WARNING:pe_image_reader.cc(302)] could not read dos header from C:\WINDOWS\System32\GDI32.dll
[0920/125944.586:ERROR:process_reader_win.cc(242)] ReadMemory at 0x7ffda3650000 of 64 bytes failed: Only part of a ReadProcessMemory or WriteProcessMemory request was completed. (0x12B)
[0920/125944.586:WARNING:pe_image_reader.cc(302)] could not read dos header from C:\WINDOWS\System32\gdi32full.dll
[0920/125944.586:ERROR:process_reader_win.cc(242)] ReadMemory at 0x7ffda3d30000 of 64 bytes failed: Only part of a ReadProcessMemory or WriteProcessMemory request was completed. (0x12B)
[0920/125944.586:WARNING:pe_image_reader.cc(302)] could not read dos header from C:\WINDOWS\System32\msvcp_win.dll
[0920/125944.586:ERROR:process_reader_win.cc(242)] ReadMemory at 0x7ffda64c0000 of 64 bytes failed: Only part of a ReadProcessMemory or WriteProcessMemory request was completed. (0x12B)
[0920/125944.586:WARNING:pe_image_reader.cc(302)] could not read dos header from C:\WINDOWS\System32\USER32.dll
[0920/125944.586:ERROR:process_reader_win.cc(242)] ReadMemory at 0x7ffda3ac0000 of 64 bytes failed: Only part of a ReadProcessMemory or WriteProcessMemory request was completed. (0x12B)
[0920/125944.586:WARNING:pe_image_reader.cc(302)] could not read dos header from C:\WINDOWS\System32\win32u.dll
[0920/125944.586:ERROR:process_reader_win.cc(242)] ReadMemory at 0x7ffda2d30000 of 64 bytes failed: Only part of a ReadProcessMemory or WriteProcessMemory request was completed. (0x12B)
[0920/125944.586:WARNING:pe_image_reader.cc(302)] could not read dos header from C:\WINDOWS\System32\kernel.appcore.dll
[0920/125944.587:ERROR:process_reader_win.cc(242)] ReadMemory at 0x7ffda2d70000 of 64 bytes failed: Only part of a ReadProcessMemory or WriteProcessMemory request was completed. (0x12B)
[0920/125944.587:WARNING:pe_image_reader.cc(302)] could not read dos header from C:\WINDOWS\System32\profapi.dll
[0920/125944.587:ERROR:process_reader_win.cc(242)] ReadMemory at 0x7ffda2cd0000 of 64 bytes failed: Only part of a ReadProcessMemory or WriteProcessMemory request was completed. (0x12B)
[0920/125944.587:WARNING:pe_image_reader.cc(302)] could not read dos header from C:\WINDOWS\System32\powrprof.dll
[0920/125944.587:ERROR:process_reader_win.cc(242)] ReadMemory at 0x7ffda2d20000 of 64 bytes failed: Only part of a ReadProcessMemory or WriteProcessMemory request was completed. (0x12B)
[0920/125944.587:WARNING:pe_image_reader.cc(302)] could not read dos header from C:\WINDOWS\System32\FLTLIB.DLL
[0920/125944.587:ERROR:process_reader_win.cc(242)] ReadMemory at 0x7ffda3f80000 of 64 bytes failed: Only part of a ReadProcessMemory or WriteProcessMemory request was completed. (0x12B)
[0920/125944.587:WARNING:pe_image_reader.cc(302)] could not read dos header from C:\WINDOWS\System32\PSAPI.DLL
[0920/125944.587:ERROR:process_reader_win.cc(242)] ReadMemory at 0x7ffd85430000 of 64 bytes failed: Only part of a ReadProcessMemory or WriteProcessMemory request was completed. (0x12B)
[0920/125944.588:WARNING:pe_image_reader.cc(302)] could not read dos header from C:\Program Files (x86)\Google\Chrome\Application\69.0.3497.100\chrome_elf.dll
[0920/125944.588:ERROR:process_reader_win.cc(242)] ReadMemory at 0x7ffd98170000 of 64 bytes failed: Only part of a ReadProcessMemory or WriteProcessMemory request was completed. (0x12B)
[0920/125944.588:WARNING:pe_image_reader.cc(302)] could not read dos header from C:\WINDOWS\SYSTEM32\VERSION.dll
[0920/125944.588:ERROR:process_reader_win.cc(242)] ReadMemory at 0x7ffd96f40000 of 64 bytes failed: Only part of a ReadProcessMemory or WriteProcessMemory request was completed. (0x12B)
[0920/125944.588:WARNING:pe_image_reader.cc(302)] could not read dos header from C:\WINDOWS\SYSTEM32\WINMM.dll
[0920/125944.588:ERROR:process_reader_win.cc(242)] ReadMemory at 0x7ffda2bd0000 of 64 bytes failed: Only part of a ReadProcessMemory or WriteProcessMemory request was completed. (0x12B)
[0920/125944.588:WARNING:pe_image_reader.cc(302)] could not read dos header from C:\WINDOWS\SYSTEM32\USERENV.dll
[0920/125944.588:ERROR:process_reader_win.cc(242)] ReadMemory at 0x7ffd9b680000 of 64 bytes failed: Only part of a ReadProcessMemory or WriteProcessMemory request was completed. (0x12B)
[0920/125944.588:WARNING:pe_image_reader.cc(302)] could not read dos header from C:\WINDOWS\SYSTEM32\WINHTTP.dll
[0920/125944.588:ERROR:process_reader_win.cc(242)] ReadMemory at 0x7ffd96f10000 of 64 bytes failed: Only part of a ReadProcessMemory or WriteProcessMemory request was completed. (0x12B)
[0920/125944.588:WARNING:pe_image_reader.cc(302)] could not read dos header from C:\WINDOWS\SYSTEM32\WINMMBASE.dll
[0920/125944.589:ERROR:process_reader_win.cc(242)] ReadMemory at 0x7ffda2720000 of 64 bytes failed: Only part of a ReadProcessMemory or WriteProcessMemory request was completed. (0x12B)
[0920/125944.589:WARNING:pe_image_reader.cc(302)] could not read dos header from C:\WINDOWS\SYSTEM32\CRYPTBASE.DLL
[0920/125944.589:ERROR:process_reader_win.cc(242)] ReadMemory at 0x7ffda43d0000 of 64 bytes failed: Only part of a ReadProcessMemory or WriteProcessMemory request was completed. (0x12B)
[0920/125944.589:WARNING:pe_image_reader.cc(302)] could not read dos header from C:\WINDOWS\System32\IMM32.DLL
[0920/125944.589:ERROR:process_reader_win.cc(242)] ReadMemory at 0x7ffd58380000 of 64 bytes failed: Only part of a ReadProcessMemory or WriteProcessMemory request was completed. (0x12B)
[0920/125944.589:WARNING:pe_image_reader.cc(302)] could not read dos header from C:\Program Files (x86)\Google\Chrome\Application\69.0.3497.100\chrome_child.dll
[0920/125944.589:ERROR:process_reader_win.cc(242)] ReadMemory at 0x7ffda5e00000 of 64 bytes failed: Only part of a ReadProcessMemory or WriteProcessMemory request was completed. (0x12B)
[0920/125944.589:WARNING:pe_image_reader.cc(302)] could not read dos header from C:\WINDOWS\System32\WS2_32.dll
[0920/125944.589:ERROR:process_reader_win.cc(242)] ReadMemory at 0x24d36830000 of 64 bytes failed: Only part of a ReadProcessMemory or WriteProcessMemory request was completed. (0x12B)
[0920/125944.589:WARNING:pe_image_reader.cc(302)] could not read dos header from C:\WINDOWS\System32\ole32.dll
[0920/125944.590:ERROR:process_reader_win.cc(242)] ReadMemory at 0x7ffda6200000 of 64 bytes failed: Only part of a ReadProcessMemory or WriteProcessMemory request was completed. (0x12B)
[0920/125944.590:WARNING:pe_image_reader.cc(302)] could not read dos header from C:\WINDOWS\System32\OLEAUT32.dll
[0920/125944.590:ERROR:process_reader_win.cc(242)] ReadMemory at 0x7ffda3ae0000 of 64 bytes failed: Only part of a ReadProcessMemory or WriteProcessMemory request was completed. (0x12B)
[0920/125944.590:WARNING:pe_image_reader.cc(302)] could not read dos header from C:\WINDOWS\System32\WINTRUST.dll
[0920/125944.590:ERROR:process_reader_win.cc(242)] ReadMemory at 0x7ffda2d50000 of 64 bytes failed: Only part of a ReadProcessMemory or WriteProcessMemory request was completed. (0x12B)
[0920/125944.590:WARNING:pe_image_reader.cc(302)] could not read dos header from C:\WINDOWS\System32\MSASN1.dll
[0920/125944.590:ERROR:process_reader_win.cc(242)] ReadMemory at 0x7ffda3b40000 of 64 bytes failed: Only part of a ReadProcessMemory or WriteProcessMemory request was completed. (0x12B)
[0920/125944.590:WARNING:pe_image_reader.cc(302)] could not read dos header from C:\WINDOWS\System32\CRYPT32.dll
[0920/125944.590:ERROR:process_reader_win.cc(242)] ReadMemory at 0x7ffda40f0000 of 64 bytes failed: Only part of a ReadProcessMemory or WriteProcessMemory request was completed. (0x12B)
[0920/125944.590:WARNING:pe_image_reader.cc(302)] could not read dos header from C:\WINDOWS\System32\COMDLG32.dll
[0920/125944.591:ERROR:process_reader_win.cc(242)] ReadMemory at 0x7ffda22d0000 of 64 bytes failed: Only part of a ReadProcessMemory or WriteProcessMemory request was completed. (0x12B)
[0920/125944.591:WARNING:pe_image_reader.cc(302)] could not read dos header from C:\WINDOWS\SYSTEM32\IPHLPAPI.DLL
[0920/125944.591:ERROR:process_reader_win.cc(242)] ReadMemory at 0x7ffd9e880000 of 64 bytes failed: Only part of a ReadProcessMemory or WriteProcessMemory request was completed. (0x12B)
[0920/125944.591:WARNING:pe_image_reader.cc(302)] could not read dos header from C:\WINDOWS\SYSTEM32\msdmo.dll
[0920/125944.591:ERROR:process_reader_win.cc(242)] ReadMemory at 0x7ffd98760000 of 64 bytes failed: Only part of a ReadProcessMemory or WriteProcessMemory request was completed. (0x12B)
[0920/125944.591:WARNING:pe_image_reader.cc(302)] could not read dos header from C:\WINDOWS\WinSxS\amd64_microsoft.windows.common-controls_6595b64144ccf1df_6.0.17134.228_none_fb4599993062b194\COMCTL32.dll
[0920/125944.591:ERROR:process_reader_win.cc(242)] ReadMemory at 0x7ffd8ac60000 of 64 bytes failed: Only part of a ReadProcessMemory or WriteProcessMemory request was completed. (0x12B)
[0920/125944.591:WARNING:pe_image_reader.cc(302)] could not read dos header from C:\WINDOWS\SYSTEM32\DWrite.dll
[0920/125944.591:ERROR:process_reader_win.cc(242)] ReadMemory at 0x7ffd97180000 of 64 bytes failed: Only part of a ReadProcessMemory or WriteProcessMemory request was completed. (0x12B)
[0920/125944.591:WARNING:pe_image_reader.cc(302)] could not read dos header from C:\WINDOWS\SYSTEM32\WINSPOOL.DRV
[0920/125944.591:ERROR:process_reader_win.cc(242)] ReadMemory at 0x7ffd95810000 of 64 bytes failed: Only part of a ReadProcessMemory or WriteProcessMemory request was completed. (0x12B)
[0920/125944.592:WARNING:pe_image_reader.cc(302)] could not read dos header from C:\WINDOWS\SYSTEM32\dbghelp.dll
[0920/125944.592:ERROR:process_reader_win.cc(242)] ReadMemory at 0x7ffd8e290000 of 64 bytes failed: Only part of a ReadProcessMemory or WriteProcessMemory request was completed. (0x12B)
[0920/125944.592:WARNING:pe_image_reader.cc(302)] could not read dos header from C:\WINDOWS\SYSTEM32\USP10.dll
[0920/125944.592:ERROR:process_reader_win.cc(242)] ReadMemory at 0x7ffda1a90000 of 64 bytes failed: Only part of a ReadProcessMemory or WriteProcessMemory request was completed. (0x12B)
[0920/125944.592:WARNING:pe_image_reader.cc(302)] could not read dos header from C:\WINDOWS\SYSTEM32\dxgi.dll
[0920/125944.592:ERROR:process_reader_win.cc(242)] ReadMemory at 0x7ffd9a570000 of 64 bytes failed: Only part of a ReadProcessMemory or WriteProcessMemory request was completed. (0x12B)
[0920/125944.592:WARNING:pe_image_reader.cc(302)] could not read dos header from C:\WINDOWS\SYSTEM32\urlmon.dll
[0920/125944.592:ERROR:process_reader_win.cc(242)] ReadMemory at 0x7ffd989d0000 of 64 bytes failed: Only part of a ReadProcessMemory or WriteProcessMemory request was completed. (0x12B)
[0920/125944.592:WARNING:pe_image_reader.cc(302)] could not read dos header from C:\WINDOWS\SYSTEM32\Secur32.dll
[0920/125944.592:ERROR:process_reader_win.cc(242)] ReadMemory at 0x7ffd9c0b0000 of 64 bytes failed: Only part of a ReadProcessMemory or WriteProcessMemory request was completed. (0x12B)
[0920/125944.592:WARNING:pe_image_reader.cc(302)] could not read dos header from C:\WINDOWS\SYSTEM32\dhcpcsvc.DLL
[0920/125944.593:ERROR:process_reader_win.cc(242)] ReadMemory at 0x7ffda64b0000 of 64 bytes failed: Only part of a ReadProcessMemory or WriteProcessMemory request was completed. (0x12B)
[0920/125944.593:WARNING:pe_image_reader.cc(302)] could not read dos header from C:\WINDOWS\System32\NSI.dll
[0920/125944.593:ERROR:process_reader_win.cc(242)] ReadMemory at 0x7ffd9eaf0000 of 64 bytes failed: Only part of a ReadProcessMemory or WriteProcessMemory request was completed. (0x12B)
[0920/125944.593:WARNING:pe_image_reader.cc(302)] could not read dos header from C:\WINDOWS\SYSTEM32\PROPSYS.dll
[0920/125944.593:ERROR:process_reader_win.cc(242)] ReadMemory at 0x7ffda2830000 of 64 bytes failed: Only part of a ReadProcessMemory or WriteProcessMemory request was completed. (0x12B)
[0920/125944.593:WARNING:pe_image_reader.cc(302)] could not read dos header from C:\WINDOWS\SYSTEM32\bcrypt.dll
[0920/125944.593:ERROR:process_reader_win.cc(242)] ReadMemory at 0x7ffd9a2c0000 of 64 bytes failed: Only part of a ReadProcessMemory or WriteProcessMemory request was completed. (0x12B)
[0920/125944.593:WARNING:pe_image_reader.cc(302)] could not read dos header from C:\WINDOWS\SYSTEM32\iertutil.dll
[0920/125944.593:ERROR:process_reader_win.cc(242)] ReadMemory at 0x7ffda2c00000 of 64 bytes failed: Only part of a ReadProcessMemory or WriteProcessMemory request was completed. (0x12B)
[0920/125944.594:WARNING:pe_image_reader.cc(302)] could not read dos header from C:\WINDOWS\SYSTEM32\SSPICLI.DLL
[0920/125947.612:ERROR:process_reader_win.cc(242)] ReadMemory at 0xfe161e3000 of 118784 bytes failed: Only part of a ReadProcessMemory or WriteProcessMemory request was completed. (0x12B)
[0920/125947.862:ERROR:process_reader_win.cc(242)] ReadMemory at 0xfe165fd000 of 12288 bytes failed: Only part of a ReadProcessMemory or WriteProcessMemory request was completed. (0x12B)
[0920/125947.862:ERROR:process_reader_win.cc(242)] ReadMemory at 0xfe169fe000 of 8192 bytes failed: Only part of a ReadProcessMemory or WriteProcessMemory request was completed. (0x12B)
[0920/125947.862:ERROR:process_reader_win.cc(242)] ReadMemory at 0xfe16bfe000 of 8192 bytes failed: Only part of a ReadProcessMemory or WriteProcessMemory request was completed. (0x12B)
[0920/125947.862:ERROR:process_reader_win.cc(242)] ReadMemory at 0xfe16dfe000 of 8192 bytes failed: Only part of a ReadProcessMemory or WriteProcessMemory request was completed. (0x12B)
[0920/125947.862:ERROR:process_reader_win.cc(242)] ReadMemory at 0xfe16ffd000 of 12288 bytes failed: Only part of a ReadProcessMemory or WriteProcessMemory request was completed. (0x12B)
[0920/125947.862:ERROR:process_reader_win.cc(242)] ReadMemory at 0xfe171fe000 of 8192 bytes failed: Only part of a ReadProcessMemory or WriteProcessMemory request was completed. (0x12B)
[0920/125947.863:ERROR:process_reader_win.cc(242)] ReadMemory at 0xfe173fe000 of 8192 bytes failed: Only part of a ReadProcessMemory or WriteProcessMemory request was completed. (0x12B)
[0920/125947.863:ERROR:process_reader_win.cc(242)] ReadMemory at 0xfe175fc000 of 16384 bytes failed: Only part of a ReadProcessMemory or WriteProcessMemory request was completed. (0x12B)
[0920/125947.863:ERROR:process_reader_win.cc(242)] ReadMemory at 0xfe177f8000 of 32768 bytes failed: Only part of a ReadProcessMemory or WriteProcessMemory request was completed. (0x12B)
[0920/125947.863:ERROR:process_reader_win.cc(242)] ReadMemory at 0xfe179f7000 of 36864 bytes failed: Only part of a ReadProcessMemory or WriteProcessMemory request was completed. (0x12B)
[0920/125947.863:ERROR:process_reader_win.cc(242)] ReadMemory at 0xfe17bfd000 of 12288 bytes failed: Only part of a ReadProcessMemory or WriteProcessMemory request was completed. (0x12B)
[0920/125947.863:ERROR:process_reader_win.cc(242)] ReadMemory at 0xfe17ff8000 of 32768 bytes failed: Only part of a ReadProcessMemory or WriteProcessMemory request was completed. (0x12B)
[0920/125947.864:ERROR:process_reader_win.cc(242)] ReadMemory at 0xfe167fe000 of 8192 bytes failed: Only part of a ReadProcessMemory or WriteProcessMemory request was completed. (0x12B)
[0920/125947.864:ERROR:process_reader_win.cc(242)] ReadMemory at 0xfe163fc000 of 16384 bytes failed: Only part of a ReadProcessMemory or WriteProcessMemory request was completed. (0x12B)
[0920/125947.864:ERROR:process_reader_win.cc(242)] ReadMemory at 0xfe17dfc000 of 16384 bytes failed: Only part of a ReadProcessMemory or WriteProcessMemory request was completed. (0x12B)
[0920/125947.864:ERROR:process_reader_win.cc(242)] ReadMemory at 0xfe181fc000 of 16384 bytes failed: Only part of a ReadProcessMemory or WriteProcessMemory request was completed. (0x12B)
[0920/125947.864:ERROR:process_reader_win.cc(242)] ReadMemory at 0xfe15ea8000 of 852 bytes failed: Only part of a ReadProcessMemory or WriteProcessMemory request was completed. (0x12B)
[0920/125947.864:ERROR:process_reader_win.cc(242)] ReadMemory at 0xfe15ea9000 of 6024 bytes failed: Only part of a ReadProcessMemory or WriteProcessMemory request was completed. (0x12B)
[0920/125947.865:ERROR:process_reader_win.cc(242)] ReadMemory at 0xfe15ead000 of 6024 bytes failed: Only part of a ReadProcessMemory or WriteProcessMemory request was completed. (0x12B)
[0920/125947.865:ERROR:process_reader_win.cc(242)] ReadMemory at 0xfe15eb1000 of 6024 bytes failed: Only part of a ReadProcessMemory or WriteProcessMemory request was completed. (0x12B)
[0920/125947.865:ERROR:process_reader_win.cc(242)] ReadMemory at 0xfe15eb3000 of 6024 bytes failed: Only part of a ReadProcessMemory or WriteProcessMemory request was completed. (0x12B)
[0920/125947.865:ERROR:process_reader_win.cc(242)] ReadMemory at 0xfe15eb5000 of 6024 bytes failed: Only part of a ReadProcessMemory or WriteProcessMemory request was completed. (0x12B)
[0920/125947.865:ERROR:process_reader_win.cc(242)] ReadMemory at 0xfe15eb7000 of 6024 bytes failed: Only part of a ReadProcessMemory or WriteProcessMemory request was completed. (0x12B)
[0920/125947.865:ERROR:process_reader_win.cc(242)] ReadMemory at 0xfe15eb9000 of 6024 bytes failed: Only part of a ReadProcessMemory or WriteProcessMemory request was completed. (0x12B)
[0920/125947.865:ERROR:process_reader_win.cc(242)] ReadMemory at 0xfe15ebb000 of 6024 bytes failed: Only part of a ReadProcessMemory or WriteProcessMemory request was completed. (0x12B)
[0920/125947.866:ERROR:process_reader_win.cc(242)] ReadMemory at 0xfe15ebd000 of 6024 bytes failed: Only part of a ReadProcessMemory or WriteProcessMemory request was completed. (0x12B)
[0920/125947.866:ERROR:process_reader_win.cc(242)] ReadMemory at 0xfe15ebf000 of 6024 bytes failed: Only part of a ReadProcessMemory or WriteProcessMemory request was completed. (0x12B)
[0920/125947.866:ERROR:process_reader_win.cc(242)] ReadMemory at 0xfe15ec1000 of 6024 bytes failed: Only part of a ReadProcessMemory or WriteProcessMemory request was completed. (0x12B)
[0920/125947.866:ERROR:process_reader_win.cc(242)] ReadMemory at 0xfe15ec3000 of 6024 bytes failed: Only part of a ReadProcessMemory or WriteProcessMemory request was completed. (0x12B)
[0920/125947.866:ERROR:process_reader_win.cc(242)] ReadMemory at 0xfe15ec7000 of 6024 bytes failed: Only part of a ReadProcessMemory or WriteProcessMemory request was completed. (0x12B)
[0920/125947.866:ERROR:process_reader_win.cc(242)] ReadMemory at 0xfe15ecd000 of 6024 bytes failed: Only part of a ReadProcessMemory or WriteProcessMemory request was completed. (0x12B)
[0920/125947.866:ERROR:process_reader_win.cc(242)] ReadMemory at 0xfe15fc3000 of 6024 bytes failed: Only part of a ReadProcessMemory or WriteProcessMemory request was completed. (0x12B)
[0920/125947.867:ERROR:process_reader_win.cc(242)] ReadMemory at 0xfe15fc7000 of 6024 bytes failed: Only part of a ReadProcessMemory or WriteProcessMemory request was completed. (0x12B)
[0920/125947.867:ERROR:process_reader_win.cc(242)] ReadMemory at 0xfe15fc9000 of 6024 bytes failed: Only part of a ReadProcessMemory or WriteProcessMemory request was completed. (0x12B)
[0920/125947.867:ERROR:process_reader_win.cc(242)] ReadMemory at 0x24d36160fc0 of 23128 bytes failed: Only part of a ReadProcessMemory or WriteProcessMemory request was completed. (0x12B)
[0920/125947.867:ERROR:process_reader_win.cc(242)] ReadMemory at 0x24d36166a20 of 1012 bytes failed: Only part of a ReadProcessMemory or WriteProcessMemory request was completed. (0x12B)
[0920/125947.867:ERROR:process_reader_win.cc(242)] ReadMemory at 0x24d36167038 of 118 bytes failed: Only part of a ReadProcessMemory or WriteProcessMemory request was completed. (0x12B)
[0920/125947.867:ERROR:process_reader_win.cc(242)] ReadMemory at 0x24d361670b0 of 976 bytes failed: Only part of a ReadProcessMemory or WriteProcessMemory request was completed. (0x12B)
[0920/125947.868:ERROR:process_reader_win.cc(242)] ReadMemory at 0x24d36167482 of 118 bytes failed: Only part of a ReadProcessMemory or WriteProcessMemory request was completed. (0x12B)
[0920/125947.868:ERROR:process_reader_win.cc(242)] ReadMemory at 0x24d361674fa of 102 bytes failed: Only part of a ReadProcessMemory or WriteProcessMemory request was completed. (0x12B)
[0920/125947.868:ERROR:process_reader_win.cc(242)] ReadMemory at 0x24d36167570 of 58 bytes failed: Only part of a ReadProcessMemory or WriteProcessMemory request was completed. (0x12B)
[0920/125947.868:ERROR:process_reader_win.cc(242)] ReadMemory at 0x24d36167670 of 132 bytes failed: Only part of a ReadProcessMemory or WriteProcessMemory request was completed. (0x12B)
[0920/125947.868:ERROR:process_reader_win.cc(242)] ReadMemory at 0x24d36167800 of 132 bytes failed: Only part of a ReadProcessMemory or WriteProcessMemory request was completed. (0x12B)
[0920/125947.868:ERROR:process_reader_win.cc(242)] ReadMemory at 0x24d361679c0 of 126 bytes failed: Only part of a ReadProcessMemory or WriteProcessMemory request was completed. (0x12B)
[0920/125947.868:ERROR:process_reader_win.cc(242)] ReadMemory at 0x24d36167da0 of 132 bytes failed: Only part of a ReadProcessMemory or WriteProcessMemory request was completed. (0x12B)
[0920/125947.868:ERROR:process_reader_win.cc(242)] ReadMemory at 0x24d36167f30 of 64 bytes failed: Only part of a ReadProcessMemory or WriteProcessMemory request was completed. (0x12B)
[0920/125947.868:ERROR:process_reader_win.cc(242)] ReadMemory at 0x24d36168090 of 132 bytes failed: Only part of a ReadProcessMemory or WriteProcessMemory request was completed. (0x12B)
[0920/125947.868:ERROR:process_reader_win.cc(242)] ReadMemory at 0x24d36168290 of 62 bytes failed: Only part of a ReadProcessMemory or WriteProcessMemory request was completed. (0x12B)
[0920/125947.869:ERROR:process_reader_win.cc(242)] ReadMemory at 0x24d36168380 of 132 bytes failed: Only part of a ReadProcessMemory or WriteProcessMemory request was completed. (0x12B)
[0920/125947.869:ERROR:process_reader_win.cc(242)] ReadMemory at 0x24d36168510 of 68 bytes failed: Only part of a ReadProcessMemory or WriteProcessMemory request was completed. (0x12B)
[0920/125947.869:ERROR:process_reader_win.cc(242)] ReadMemory at 0x24d3616e910 of 132 bytes failed: Only part of a ReadProcessMemory or WriteProcessMemory request was completed. (0x12B)
[0920/125947.869:ERROR:process_reader_win.cc(242)] ReadMemory at 0x24d3616eb50 of 132 bytes failed: Only part of a ReadProcessMemory or WriteProcessMemory request was completed. (0x12B)
[0920/125947.869:ERROR:process_reader_win.cc(242)] ReadMemory at 0x24d3616ece0 of 62 bytes failed: Only part of a ReadProcessMemory or WriteProcessMemory request was completed. (0x12B)
[0920/125947.869:ERROR:process_reader_win.cc(242)] ReadMemory at 0x24d36170450 of 132 bytes failed: Only part of a ReadProcessMemory or WriteProcessMemory request was completed. (0x12B)
[0920/125947.869:ERROR:process_reader_win.cc(242)] ReadMemory at 0x24d361705e0 of 60 bytes failed: Only part of a ReadProcessMemory or WriteProcessMemory request was completed. (0x12B)
[0920/125947.869:ERROR:process_reader_win.cc(242)] ReadMemory at 0x24d36170630 of 158 bytes failed: Only part of a ReadProcessMemory or WriteProcessMemory request was completed. (0x12B)
[0920/125947.869:ERROR:process_reader_win.cc(242)] ReadMemory at 0x24d36170830 of 132 bytes failed: Only part of a ReadProcessMemory or WriteProcessMemory request was completed. (0x12B)
[0920/125947.869:ERROR:process_reader_win.cc(242)] ReadMemory at 0x24d361709c0 of 64 bytes failed: Only part of a ReadProcessMemory or WriteProcessMemory request was completed. (0x12B)
[0920/125947.870:ERROR:process_reader_win.cc(242)] ReadMemory at 0x24d36170c40 of 132 bytes failed: Only part of a ReadProcessMemory or WriteProcessMemory request was completed. (0x12B)
[0920/125947.870:ERROR:process_reader_win.cc(242)] ReadMemory at 0x24d36170dd0 of 64 bytes failed: Only part of a ReadProcessMemory or WriteProcessMemory request was completed. (0x12B)
[0920/125947.870:ERROR:process_reader_win.cc(242)] ReadMemory at 0x24d36171030 of 132 bytes failed: Only part of a ReadProcessMemory or WriteProcessMemory request was completed. (0x12B)
[0920/125947.870:ERROR:process_reader_win.cc(242)] ReadMemory at 0x24d361711c0 of 60 bytes failed: Only part of a ReadProcessMemory or WriteProcessMemory request was completed. (0x12B)
[0920/125947.870:ERROR:process_reader_win.cc(242)] ReadMemory at 0x24d361714e0 of 132 bytes failed: Only part of a ReadProcessMemory or WriteProcessMemory request was completed. (0x12B)
[0920/125947.870:ERROR:process_reader_win.cc(242)] ReadMemory at 0x24d36171670 of 60 bytes failed: Only part of a ReadProcessMemory or WriteProcessMemory request was completed. (0x12B)
[0920/125947.870:ERROR:process_reader_win.cc(242)] ReadMemory at 0x24d361718b0 of 132 bytes failed: Only part of a ReadProcessMemory or WriteProcessMemory request was completed. (0x12B)
[0920/125947.870:ERROR:process_reader_win.cc(242)] ReadMemory at 0x24d36171a40 of 62 bytes failed: Only part of a ReadProcessMemory or WriteProcessMemory request was completed. (0x12B)
[0920/125947.870:ERROR:process_reader_win.cc(242)] ReadMemory at 0x24d36172590 of 132 bytes failed: Only part of a ReadProcessMemory or WriteProcessMemory request was completed. (0x12B)
[0920/125947.870:ERROR:process_reader_win.cc(242)] ReadMemory at 0x24d36172890 of 76 bytes failed: Only part of a ReadProcessMemory or WriteProcessMemory request was completed. (0x12B)
[0920/125947.870:ERROR:process_reader_win.cc(242)] ReadMemory at 0x24d36172dd0 of 80 bytes failed: Only part of a ReadProcessMemory or WriteProcessMemory request was completed. (0x12B)
[0920/125947.871:ERROR:process_reader_win.cc(242)] ReadMemory at 0x24d36172e30 of 78 bytes failed: Only part of a ReadProcessMemory or WriteProcessMemory request was completed. (0x12B)
[0920/125947.871:ERROR:process_reader_win.cc(242)] ReadMemory at 0x24d36172f30 of 246 bytes failed: Only part of a ReadProcessMemory or WriteProcessMemory request was completed. (0x12B)
[0920/125947.871:ERROR:process_reader_win.cc(242)] ReadMemory at 0x24d361730c0 of 132 bytes failed: Only part of a ReadProcessMemory or WriteProcessMemory request was completed. (0x12B)
[0920/125947.871:ERROR:process_reader_win.cc(242)] ReadMemory at 0x24d361735a0 of 132 bytes failed: Only part of a ReadProcessMemory or WriteProcessMemory request was completed. (0x12B)
[0920/125947.871:ERROR:process_reader_win.cc(242)] ReadMemory at 0x24d361736d0 of 64 bytes failed: Only part of a ReadProcessMemory or WriteProcessMemory request was completed. (0x12B)
[0920/125947.871:ERROR:process_reader_win.cc(242)] ReadMemory at 0x24d36174840 of 132 bytes failed: Only part of a ReadProcessMemory or WriteProcessMemory request was completed. (0x12B)
[0920/125947.871:ERROR:process_reader_win.cc(242)] ReadMemory at 0x24d361749c0 of 62 bytes failed: Only part of a ReadProcessMemory or WriteProcessMemory request was completed. (0x12B)
[0920/125947.871:ERROR:process_reader_win.cc(242)] ReadMemory at 0x24d36174a10 of 58 bytes failed: Only part of a ReadProcessMemory or WriteProcessMemory request was completed. (0x12B)
[0920/125947.871:ERROR:process_reader_win.cc(242)] ReadMemory at 0x24d36174ab0 of 62 bytes failed: Only part of a ReadProcessMemory or WriteProcessMemory request was completed. (0x12B)
[0920/125947.871:ERROR:process_reader_win.cc(242)] ReadMemory at 0x24d36174b50 of 64 bytes failed: Only part of a ReadProcessMemory or WriteProcessMemory request was completed. (0x12B)
[0920/125947.872:ERROR:process_reader_win.cc(242)] ReadMemory at 0x24d36174ba0 of 62 bytes failed: Only part of a ReadProcessMemory or WriteProcessMemory request was completed. (0x12B)
[0920/125947.872:ERROR:process_reader_win.cc(242)] ReadMemory at 0x24d36174c40 of 60 bytes failed: Only part of a ReadProcessMemory or WriteProcessMemory request was completed. (0x12B)
[0920/125947.872:ERROR:process_reader_win.cc(242)] ReadMemory at 0x24d36174d30 of 60 bytes failed: Only part of a ReadProcessMemory or WriteProcessMemory request was completed. (0x12B)
[0920/125947.872:ERROR:process_reader_win.cc(242)] ReadMemory at 0x24d36174d80 of 66 bytes failed: Only part of a ReadProcessMemory or WriteProcessMemory request was completed. (0x12B)
[0920/125947.872:ERROR:process_reader_win.cc(242)] ReadMemory at 0x24d36174e20 of 66 bytes failed: Only part of a ReadProcessMemory or WriteProcessMemory request was completed. (0x12B)
[0920/125947.872:ERROR:process_reader_win.cc(242)] ReadMemory at 0x24d36174e70 of 58 bytes failed: Only part of a ReadProcessMemory or WriteProcessMemory request was completed. (0x12B)
[0920/125947.872:ERROR:process_reader_win.cc(242)] ReadMemory at 0x24d36174f60 of 62 bytes failed: Only part of a ReadProcessMemory or WriteProcessMemory request was completed. (0x12B)
[0920/125947.872:ERROR:process_reader_win.cc(242)] ReadMemory at 0x24d36175050 of 62 bytes failed: Only part of a ReadProcessMemory or WriteProcessMemory request was completed. (0x12B)
[0920/125947.872:ERROR:process_reader_win.cc(242)] ReadMemory at 0x24d361750a0 of 60 bytes failed: Only part of a ReadProcessMemory or WriteProcessMemory request was completed. (0x12B)
[0920/125947.872:ERROR:process_reader_win.cc(242)] ReadMemory at 0x24d361750f0 of 58 bytes failed: Only part of a ReadProcessMemory or WriteProcessMemory request was completed. (0x12B)
[0920/125947.872:ERROR:process_reader_win.cc(242)] ReadMemory at 0x24d361752a0 of 132 bytes failed: Only part of a ReadProcessMemory or WriteProcessMemory request was completed. (0x12B)
[0920/125947.873:ERROR:process_reader_win.cc(242)] ReadMemory at 0x24d361753d0 of 132 bytes failed: Only part of a ReadProcessMemory or WriteProcessMemory request was completed. (0x12B)
[0920/125947.873:ERROR:process_reader_win.cc(242)] ReadMemory at 0x24d36175500 of 132 bytes failed: Only part of a ReadProcessMemory or WriteProcessMemory request was completed. (0x12B)
[0920/125947.873:ERROR:process_reader_win.cc(242)] ReadMemory at 0x24d36175630 of 132 bytes failed: Only part of a ReadProcessMemory or WriteProcessMemory request was completed. (0x12B)
[0920/125947.873:ERROR:process_reader_win.cc(242)] ReadMemory at 0x24d36175760 of 132 bytes failed: Only part of a ReadProcessMemory or WriteProcessMemory request was completed. (0x12B)
[0920/125947.873:ERROR:process_reader_win.cc(242)] ReadMemory at 0x24d36175890 of 132 bytes failed: Only part of a ReadProcessMemory or WriteProcessMemory request was completed. (0x12B)
[0920/125947.873:ERROR:process_reader_win.cc(242)] ReadMemory at 0x24d361759c0 of 132 bytes failed: Only part of a ReadProcessMemory or WriteProcessMemory request was completed. (0x12B)
[0920/125947.873:ERROR:process_reader_win.cc(242)] ReadMemory at 0x24d36175af0 of 132 bytes failed: Only part of a ReadProcessMemory or WriteProcessMemory request was completed. (0x12B)
[0920/125947.873:ERROR:process_reader_win.cc(242)] ReadMemory at 0x24d36175c20 of 132 bytes failed: Only part of a ReadProcessMemory or WriteProcessMemory request was completed. (0x12B)
[0920/125947.873:ERROR:process_reader_win.cc(242)] ReadMemory at 0x24d36175d50 of 132 bytes failed: Only part of a ReadProcessMemory or WriteProcessMemory request was completed. (0x12B)
[0920/125947.873:ERROR:process_reader_win.cc(242)] ReadMemory at 0x24d36175e80 of 132 bytes failed: Only part of a ReadProcessMemory or WriteProcessMemory request was completed. (0x12B)
[0920/125947.873:ERROR:process_reader_win.cc(242)] ReadMemory at 0x24d36175fb0 of 132 bytes failed: Only part of a ReadProcessMemory or WriteProcessMemory request was completed. (0x12B)
[0920/125947.874:ERROR:process_reader_win.cc(242)] ReadMemory at 0x24d361760e0 of 132 bytes failed: Only part of a ReadProcessMemory or WriteProcessMemory request was completed. (0x12B)
[0920/125947.874:ERROR:process_reader_win.cc(242)] ReadMemory at 0x24d36177780 of 512 bytes failed: Only part of a ReadProcessMemory or WriteProcessMemory request was completed. (0x12B)
[0920/125947.874:ERROR:process_reader_win.cc(242)] ReadMemory at 0x24d36177cf0 of 132 bytes failed: Only part of a ReadProcessMemory or WriteProcessMemory request was completed. (0x12B)
[0920/125947.874:ERROR:process_reader_win.cc(242)] ReadMemory at 0x24d36177e20 of 132 bytes failed: Only part of a ReadProcessMemory or WriteProcessMemory request was completed. (0x12B)
[0920/125947.874:ERROR:process_reader_win.cc(242)] ReadMemory at 0x24d36177f50 of 132 bytes failed: Only part of a ReadProcessMemory or WriteProcessMemory request was completed. (0x12B)
[0920/125947.874:ERROR:process_reader_win.cc(242)] ReadMemory at 0x24d36178080 of 132 bytes failed: Only part of a ReadProcessMemory or WriteProcessMemory request was completed. (0x12B)
[0920/125947.874:ERROR:process_reader_win.cc(242)] ReadMemory at 0x24d361781b0 of 132 bytes failed: Only part of a ReadProcessMemory or WriteProcessMemory request was completed. (0x12B)
[0920/125947.874:ERROR:process_reader_win.cc(242)] ReadMemory at 0x24d361782e0 of 132 bytes failed: Only part of a ReadProcessMemory or WriteProcessMemory request was completed. (0x12B)
[0920/125947.874:ERROR:process_reader_win.cc(242)] ReadMemory at 0x24d36178410 of 132 bytes failed: Only part of a ReadProcessMemory or WriteProcessMemory request was completed. (0x12B)
[0920/125947.874:ERROR:process_reader_win.cc(242)] ReadMemory at 0x24d36178540 of 132 bytes failed: Only part of a ReadProcessMemory or WriteProcessMemory request was completed. (0x12B)
[0920/125947.875:ERROR:process_reader_win.cc(242)] ReadMemory at 0x24d36178670 of 132 bytes failed: Only part of a ReadProcessMemory or WriteProcessMemory request was completed. (0x12B)
[0920/125947.875:ERROR:process_reader_win.cc(242)] ReadMemory at 0x24d361788d0 of 132 bytes failed: Only part of a ReadProcessMemory or WriteProcessMemory request was completed. (0x12B)
[0920/125947.875:ERROR:process_reader_win.cc(242)] ReadMemory at 0x24d36178a00 of 132 bytes failed: Only part of a ReadProcessMemory or WriteProcessMemory request was completed. (0x12B)
[0920/125947.875:ERROR:process_reader_win.cc(242)] ReadMemory at 0x24d36178b30 of 132 bytes failed: Only part of a ReadProcessMemory or WriteProcessMemory request was completed. (0x12B)
[0920/125947.875:ERROR:process_reader_win.cc(242)] ReadMemory at 0x24d36178c60 of 132 bytes failed: Only part of a ReadProcessMemory or WriteProcessMemory request was completed. (0x12B)
[0920/125947.875:ERROR:process_reader_win.cc(242)] ReadMemory at 0x24d36178d90 of 132 bytes failed: Only part of a ReadProcessMemory or WriteProcessMemory request was completed. (0x12B)
[0920/125947.875:ERROR:process_reader_win.cc(242)] ReadMemory at 0x24d36178ec0 of 132 bytes failed: Only part of a ReadProcessMemory or WriteProcessMemory request was completed. (0x12B)
[0920/125947.876:ERROR:process_reader_win.cc(242)] ReadMemory at 0x24d36178ff0 of 132 bytes failed: Only part of a ReadProcessMemory or WriteProcessMemory request was completed. (0x12B)
[0920/125947.876:ERROR:process_reader_win.cc(242)] ReadMemory at 0x24d36179120 of 132 bytes failed: Only part of a ReadProcessMemory or WriteProcessMemory request was completed. (0x12B)
[0920/125947.876:ERROR:process_reader_win.cc(242)] ReadMemory at 0x24d36179250 of 132 bytes failed: Only part of a ReadProcessMemory or WriteProcessMemory request was completed. (0x12B)
[0920/125947.876:ERROR:process_reader_win.cc(242)] ReadMemory at 0x24d36179380 of 132 bytes failed: Only part of a ReadProcessMemory or WriteProcessMemory request was completed. (0x12B)
[0920/125947.876:ERROR:process_reader_win.cc(242)] ReadMemory at 0x24d361794b0 of 132 bytes failed: Only part of a ReadProcessMemory or WriteProcessMemory request was completed. (0x12B)
[0920/125947.876:ERROR:process_reader_win.cc(242)] ReadMemory at 0x24d361795e0 of 132 bytes failed: Only part of a ReadProcessMemory or WriteProcessMemory request was completed. (0x12B)
[0920/125947.876:ERROR:process_reader_win.cc(242)] ReadMemory at 0x24d36179710 of 132 bytes failed: Only part of a ReadProcessMemory or WriteProcessMemory request was completed. (0x12B)
[0920/125947.876:ERROR:process_reader_win.cc(242)] ReadMemory at 0x24d36179840 of 132 bytes failed: Only part of a ReadProcessMemory or WriteProcessMemory request was completed. (0x12B)
[0920/125947.876:ERROR:process_reader_win.cc(242)] ReadMemory at 0x24d36179970 of 132 bytes failed: Only part of a ReadProcessMemory or WriteProcessMemory request was completed. (0x12B)
[0920/125947.876:ERROR:process_reader_win.cc(242)] ReadMemory at 0x24d36179aa0 of 132 bytes failed: Only part of a ReadProcessMemory or WriteProcessMemory request was completed. (0x12B)
[0920/125947.876:ERROR:process_reader_win.cc(242)] ReadMemory at 0x24d3617bcd0 of 154 bytes failed: Only part of a ReadProcessMemory or WriteProcessMemory request was completed. (0x12B)
[0920/125947.877:ERROR:process_reader_win.cc(242)] ReadMemory at 0x24d3617e130 of 66 bytes failed: Only part of a ReadProcessMemory or WriteProcessMemory request was completed. (0x12B)
[0920/125947.877:ERROR:process_reader_win.cc(242)] ReadMemory at 0x24d3617e3b0 of 62 bytes failed: Only part of a ReadProcessMemory or WriteProcessMemory request was completed. (0x12B)
[0920/125947.877:ERROR:process_reader_win.cc(242)] ReadMemory at 0x24d3617e6d0 of 58 bytes failed: Only part of a ReadProcessMemory or WriteProcessMemory request was completed. (0x12B)
[0920/125947.877:ERROR:process_reader_win.cc(242)] ReadMemory at 0x24d3617ebd0 of 66 bytes failed: Only part of a ReadProcessMemory or WriteProcessMemory request was completed. (0x12B)
[0920/125947.877:ERROR:process_reader_win.cc(242)] ReadMemory at 0x24d36183190 of 54 bytes failed: Only part of a ReadProcessMemory or WriteProcessMemory request was completed. (0x12B)
[0920/125947.877:ERROR:process_reader_win.cc(242)] ReadMemory at 0x24d3618c020 of 62 bytes failed: Only part of a ReadProcessMemory or WriteProcessMemory request was completed. (0x12B)
[0920/125947.877:ERROR:process_reader_win.cc(242)] ReadMemory at 0x24d3618c070 of 64 bytes failed: Only part of a ReadProcessMemory or WriteProcessMemory request was completed. (0x12B)
[0920/125947.877:ERROR:process_reader_win.cc(242)] ReadMemory at 0x24d3618c0c0 of 62 bytes failed: Only part of a ReadProcessMemory or WriteProcessMemory request was completed. (0x12B)
[0920/125947.877:ERROR:process_reader_win.cc(242)] ReadMemory at 0x24d3618c250 of 58 bytes failed: Only part of a ReadProcessMemory or WriteProcessMemory request was completed. (0x12B)
[0920/125947.877:ERROR:process_reader_win.cc(242)] ReadMemory at 0x24d3618c2a0 of 64 bytes failed: Only part of a ReadProcessMemory or WriteProcessMemory request was completed. (0x12B)
[0920/125947.878:ERROR:process_reader_win.cc(242)] ReadMemory at 0x24d3618c2f0 of 56 bytes failed: Only part of a ReadProcessMemory or WriteProcessMemory request was completed. (0x12B)
[0920/125947.878:ERROR:process_reader_win.cc(242)] ReadMemory at 0x24d3618c3e0 of 58 bytes failed: Only part of a ReadProcessMemory or WriteProcessMemory request was completed. (0x12B)
[0920/125947.878:ERROR:process_reader_win.cc(242)] ReadMemory at 0x24d3618c4d0 of 62 bytes failed: Only part of a ReadProcessMemory or WriteProcessMemory request was completed. (0x12B)
[0920/125947.878:ERROR:process_reader_win.cc(242)] ReadMemory at 0x24d3618c5c0 of 64 bytes failed: Only part of a ReadProcessMemory or WriteProcessMemory request was completed. (0x12B)
[0920/125947.878:ERROR:process_reader_win.cc(242)] ReadMemory at 0x24d3618c700 of 64 bytes failed: Only part of a ReadProcessMemory or WriteProcessMemory request was completed. (0x12B)
[0920/125947.878:ERROR:process_reader_win.cc(242)] ReadMemory at 0x24d3618c7a0 of 60 bytes failed: Only part of a ReadProcessMemory or WriteProcessMemory request was completed. (0x12B)
[0920/125947.878:ERROR:process_reader_win.cc(242)] ReadMemory at 0x24d3618c980 of 60 bytes failed: Only part of a ReadProcessMemory or WriteProcessMemory request was completed. (0x12B)
[0920/125947.878:ERROR:process_reader_win.cc(242)] ReadMemory at 0x24d3618cb10 of 58 bytes failed: Only part of a ReadProcessMemory or WriteProcessMemory request was completed. (0x12B)
[0920/125947.878:ERROR:process_reader_win.cc(242)] ReadMemory at 0x24d3618cbb0 of 62 bytes failed: Only part of a ReadProcessMemory or WriteProcessMemory request was completed. (0x12B)
[0920/125947.878:ERROR:process_reader_win.cc(242)] ReadMemory at 0x24d3618cc00 of 64 bytes failed: Only part of a ReadProcessMemory or WriteProcessMemory request was completed. (0x12B)
[0920/125947.878:ERROR:process_reader_win.cc(242)] ReadMemory at 0x24d3618cc50 of 62 bytes failed: Only part of a ReadProcessMemory or WriteProcessMemory request was completed. (0x12B)
[0920/125947.879:ERROR:process_reader_win.cc(242)] ReadMemory at 0x24d3618cca0 of 64 bytes failed: Only part of a ReadProcessMemory or WriteProcessMemory request was completed. (0x12B)
[0920/125947.879:ERROR:process_reader_win.cc(242)] ReadMemory at 0x24d3618cd40 of 60 bytes failed: Only part of a ReadProcessMemory or WriteProcessMemory request was completed. (0x12B)
[0920/125947.879:ERROR:process_reader_win.cc(242)] ReadMemory at 0x24d3618ce30 of 60 bytes failed: Only part of a ReadProcessMemory or WriteProcessMemory request was completed. (0x12B)
[0920/125947.879:ERROR:process_reader_win.cc(242)] ReadMemory at 0x24d3618ce80 of 60 bytes failed: Only part of a ReadProcessMemory or WriteProcessMemory request was completed. (0x12B)
[0920/125947.879:ERROR:process_reader_win.cc(242)] ReadMemory at 0x24d3618ced0 of 64 bytes failed: Only part of a ReadProcessMemory or WriteProcessMemory request was completed. (0x12B)
[0920/125947.879:ERROR:process_reader_win.cc(242)] ReadMemory at 0x24d361919a0 of 132 bytes failed: Only part of a ReadProcessMemory or WriteProcessMemory request was completed. (0x12B)
[0920/125947.879:ERROR:process_reader_win.cc(242)] ReadMemory at 0x24d36192a40 of 132 bytes failed: Only part of a ReadProcessMemory or WriteProcessMemory request was completed. (0x12B)
[0920/125947.879:ERROR:process_reader_win.cc(242)] ReadMemory at 0x24d36192dd0 of 132 bytes failed: Only part of a ReadProcessMemory or WriteProcessMemory request was completed. (0x12B)
[0920/125947.879:ERROR:process_reader_win.cc(242)] ReadMemory at 0x24d361933c0 of 132 bytes failed: Only part of a ReadProcessMemory or WriteProcessMemory request was completed. (0x12B)
[0920/125947.879:ERROR:process_reader_win.cc(242)] ReadMemory at 0x24d361a6b20 of 512 bytes failed: Only part of a ReadProcessMemory or WriteProcessMemory request was completed. (0x12B)
[0920/125947.880:ERROR:process_reader_win.cc(242)] ReadMemory at 0x24d369d9d40 of 512 bytes failed: Only part of a ReadProcessMemory or WriteProcessMemory request was completed. (0x12B)
[0920/125947.880:ERROR:process_reader_win.cc(242)] ReadMemory at 0x24d369f03b8 of 512 bytes failed: Only part of a ReadProcessMemory or WriteProcessMemory request was completed. (0x12B)
[0920/125947.880:ERROR:process_reader_win.cc(242)] ReadMemory at 0x24d369f28e0 of 512 bytes failed: Only part of a ReadProcessMemory or WriteProcessMemory request was completed. (0x12B)
[0920/125947.880:ERROR:process_reader_win.cc(242)] ReadMemory at 0x24d369f4840 of 512 bytes failed: Only part of a ReadProcessMemory or WriteProcessMemory request was completed. (0x12B)
[0920/125947.880:ERROR:process_reader_win.cc(242)] ReadMemory at 0x24d369f62c0 of 688 bytes failed: Only part of a ReadProcessMemory or WriteProcessMemory request was completed. (0x12B)
[0920/125947.880:ERROR:process_reader_win.cc(242)] ReadMemory at 0x24d369f6a98 of 512 bytes failed: Only part of a ReadProcessMemory or WriteProcessMemory request was completed. (0x12B)
[0920/125947.880:ERROR:process_reader_win.cc(242)] ReadMemory at 0x24d36a0eb90 of 512 bytes failed: Only part of a ReadProcessMemory or WriteProcessMemory request was completed. (0x12B)
[0920/125947.880:ERROR:process_reader_win.cc(242)] ReadMemory at 0x24d36a4ad08 of 512 bytes failed: Only part of a ReadProcessMemory or WriteProcessMemory request was completed. (0x12B)
[0920/125947.880:ERROR:process_reader_win.cc(242)] ReadMemory at 0x24d36a53d28 of 872 bytes failed: Only part of a ReadProcessMemory or WriteProcessMemory request was completed. (0x12B)
[0920/125947.880:ERROR:process_reader_win.cc(242)] ReadMemory at 0x24d38900528 of 512 bytes failed: Only part of a ReadProcessMemory or WriteProcessMemory request was completed. (0x12B)
[0920/125947.881:ERROR:process_reader_win.cc(242)] ReadMemory at 0x24d389189f8 of 512 bytes failed: Only part of a ReadProcessMemory or WriteProcessMemory request was completed. (0x12B)
[0920/125947.881:ERROR:process_reader_win.cc(242)] ReadMemory at 0x24d3892bb40 of 512 bytes failed: Only part of a ReadProcessMemory or WriteProcessMemory request was completed. (0x12B)
[0920/125947.881:ERROR:process_reader_win.cc(242)] ReadMemory at 0x24d38aa64e8 of 512 bytes failed: Only part of a ReadProcessMemory or WriteProcessMemory request was completed. (0x12B)
[0920/125947.881:ERROR:process_reader_win.cc(242)] ReadMemory at 0x24d38ab8aa8 of 512 bytes failed: Only part of a ReadProcessMemory or WriteProcessMemory request was completed. (0x12B)
[0920/125947.881:ERROR:process_reader_win.cc(242)] ReadMemory at 0x24d38fd0140 of 560 bytes failed: Only part of a ReadProcessMemory or WriteProcessMemory request was completed. (0x12B)
[0920/125947.881:ERROR:process_reader_win.cc(242)] ReadMemory at 0x24d39100fe8 of 512 bytes failed: Only part of a ReadProcessMemory or WriteProcessMemory request was completed. (0x12B)
[0920/125947.881:ERROR:process_reader_win.cc(242)] ReadMemory at 0x24d3981dbc0 of 512 bytes failed: Only part of a ReadProcessMemory or WriteProcessMemory request was completed. (0x12B)
[0920/125947.881:ERROR:process_reader_win.cc(242)] ReadMemory at 0x24d39887f40 of 512 bytes failed: Only part of a ReadProcessMemory or WriteProcessMemory request was completed. (0x12B)
[0920/125947.881:ERROR:process_reader_win.cc(242)] ReadMemory at 0x24d39a8dee0 of 512 bytes failed: Only part of a ReadProcessMemory or WriteProcessMemory request was completed. (0x12B)
[0920/125947.881:ERROR:process_reader_win.cc(242)] ReadMemory at 0x24d39d1a220 of 512 bytes failed: Only part of a ReadProcessMemory or WriteProcessMemory request was completed. (0x12B)
[0920/125947.882:ERROR:process_reader_win.cc(242)] ReadMemory at 0x24d39edf500 of 512 bytes failed: Only part of a ReadProcessMemory or WriteProcessMemory request was completed. (0x12B)
[0920/125947.882:ERROR:process_reader_win.cc(242)] ReadMemory at 0x24d3b4e77c4 of 512 bytes failed: Only part of a ReadProcessMemory or WriteProcessMemory request was completed. (0x12B)
[0920/125947.882:ERROR:process_reader_win.cc(242)] ReadMemory at 0x24d3cb0ffe0 of 512 bytes failed: Only part of a ReadProcessMemory or WriteProcessMemory request was completed. (0x12B)
[0920/125947.882:ERROR:process_reader_win.cc(242)] ReadMemory at 0x24d3d12df00 of 512 bytes failed: Only part of a ReadProcessMemory or WriteProcessMemory request was completed. (0x12B)
[0920/125947.882:ERROR:process_reader_win.cc(242)] ReadMemory at 0x24d3d20f658 of 512 bytes failed: Only part of a ReadProcessMemory or WriteProcessMemory request was completed. (0x12B)
[0920/125947.882:ERROR:process_reader_win.cc(242)] ReadMemory at 0x24d3d53a100 of 512 bytes failed: Only part of a ReadProcessMemory or WriteProcessMemory request was completed. (0x12B)
[0920/125947.882:ERROR:process_reader_win.cc(242)] ReadMemory at 0x24d3d5d5450 of 512 bytes failed: Only part of a ReadProcessMemory or WriteProcessMemory request was completed. (0x12B)
[0920/125947.882:ERROR:process_reader_win.cc(242)] ReadMemory at 0x136741d99101 of 512 bytes failed: Only part of a ReadProcessMemory or WriteProcessMemory request was completed. (0x12B)
[0920/125947.882:ERROR:process_reader_win.cc(242)] ReadMemory at 0x25a6875000a0 of 512 bytes failed: Only part of a ReadProcessMemory or WriteProcessMemory request was completed. (0x12B)
[0920/125947.882:ERROR:process_reader_win.cc(242)] ReadMemory at 0x2d5df35000a0 of 512 bytes failed: Only part of a ReadProcessMemory or WriteProcessMemory request was completed. (0x12B)
[0920/125947.883:ERROR:process_reader_win.cc(242)] ReadMemory at 0x37e9cd0000a0 of 512 bytes failed: Only part of a ReadProcessMemory or WriteProcessMemory request was completed. (0x12B)
[0920/125947.883:ERROR:process_reader_win.cc(242)] ReadMemory at 0x7ffd5bfa5378 of 512 bytes failed: Only part of a ReadProcessMemory or WriteProcessMemory request was completed. (0x12B)
[0920/125947.883:ERROR:process_reader_win.cc(242)] ReadMemory at 0x7ffd5c040122 of 512 bytes failed: Only part of a ReadProcessMemory or WriteProcessMemory request was completed. (0x12B)
[0920/125947.883:ERROR:process_reader_win.cc(242)] ReadMemory at 0x7ffd5cb28990 of 512 bytes failed: Only part of a ReadProcessMemory or WriteProcessMemory request was completed. (0x12B)
[0920/125947.883:ERROR:process_reader_win.cc(242)] ReadMemory at 0x7ffda387a308 of 512 bytes failed: Only part of a ReadProcessMemory or WriteProcessMemory request was completed. (0x12B)
[0920/125947.883:ERROR:process_reader_win.cc(242)] ReadMemory at 0x7ffda69df260 of 512 bytes failed: Only part of a ReadProcessMemory or WriteProcessMemory request was completed. (0x12B)
[0920/125947.883:ERROR:process_reader_win.cc(242)] ReadMemory at 0x7ffda69e09e0 of 512 bytes failed: Only part of a ReadProcessMemory or WriteProcessMemory request was completed. (0x12B)
[0920/125947.883:ERROR:process_reader_win.cc(242)] ReadMemory at 0x7ffda69e12d0 of 512 bytes failed: Only part of a ReadProcessMemory or WriteProcessMemory request was completed. (0x12B)
[0920/125947.883:ERROR:process_reader_win.cc(242)] ReadMemory at 0x7ffda69e30c0 of 512 bytes failed: Only part of a ReadProcessMemory or WriteProcessMemory request was completed. (0x12B)
[0920/125947.883:ERROR:process_reader_win.cc(242)] ReadMemory at 0x7ffda6a59eb4 of 672 bytes failed: Only part of a ReadProcessMemory or WriteProcessMemory request was completed. (0x12B)
[0920/125947.884:ERROR:process_reader_win.cc(242)] ReadMemory at 0x7ffda6a5a4b4 of 512 bytes failed: Only part of a ReadProcessMemory or WriteProcessMemory request was completed. (0x12B)
[0920/125947.884:ERROR:process_reader_win.cc(242)] ReadMemory at 0x7ffda6a5d724 of 608 bytes failed: Only part of a ReadProcessMemory or WriteProcessMemory request was completed. (0x12B)
[0920/125947.884:ERROR:process_reader_win.cc(242)] ReadMemory at 0x7ffda6ae3810 of 18 bytes failed: Only part of a ReadProcessMemory or WriteProcessMemory request was completed. (0x12B)
[0920/125947.884:ERROR:process_reader_win.cc(242)] ReadMemory at 0x7ffda6b164e0 of 40 bytes failed: Only part of a ReadProcessMemory or WriteProcessMemory request was completed. (0x12B)
[0920/125947.884:ERROR:process_reader_win.cc(242)] ReadMemory at 0x7ffda6b16938 of 48 bytes failed: Only part of a ReadProcessMemory or WriteProcessMemory request was completed. (0x12B)
[0920/125947.884:ERROR:process_reader_win.cc(242)] ReadMemory at 0x7ffda6b1c360 of 64 bytes failed: Only part of a ReadProcessMemory or WriteProcessMemory request was completed. (0x12B)
[0920/125947.895:ERROR:scoped_process_suspend.cc(40)] NtResumeProcess: An attempt was made to access an exiting process. (0xc000010a)
